<?xml version="1.0" encoding="UTF-8"?>
<!-- Generated by org.testng.reporters.JUnitReportReporter -->
<testsuite skipped="0" hostname="FaisalKhatri" name="com.SchoolMgmt.schooltest.TestCasesForLoginGeneralMaintain" tests="1" failures="0" timestamp="13 Dec 2017 14:16:46 GMT" time="49.580" errors="0">
  <testcase name="Test3" time="49.580" classname="com.SchoolMgmt.schooltest.TestCasesForLoginGeneralMaintain"/>
</testsuite> <!-- com.SchoolMgmt.schooltest.TestCasesForLoginGeneralMaintain -->
